<?xml version="1.0" encoding="UTF-8"?>
<!-- Generated by org.testng.reporters.JUnitXMLReporter -->
<testsuite ignored="0" hostname="DESKTOP-RKD26HG" failures="0" tests="3" name="Default test" time="7.712" errors="0" timestamp="2024-10-06T00:38:53 IST">
  <testcase classname="api.test.UserTest" name="testPostUser" time="4.087"/>
  <testcase classname="api.test.UserTest" name="testgetReqByUsername" time="1.67"/>
  <testcase classname="api.test.UserTest" name="testputReqByUsername" time="1.631"/>
</testsuite> <!-- Default test -->
