<?xml version="1.0" encoding="UTF-8"?>
<testng-results ignored="0" total="3" passed="3" failed="0" skipped="0">
  <reporter-output>
  </reporter-output>
  <suite started-at="2024-10-06T00:38:45 IST" name="Default suite" finished-at="2024-10-06T00:38:53 IST" duration-ms="7712">
    <groups>
    </groups>
    <test started-at="2024-10-06T00:38:45 IST" name="Default test" finished-at="2024-10-06T00:38:53 IST" duration-ms="7712">
      <class name="api.test.UserTest">
        <test-method is-config="true" signature="setUp()[pri:0, instance:api.test.UserTest@609e8838]" started-at="2024-10-06T00:38:45 IST" name="setUp" finished-at="2024-10-06T00:38:45 IST" duration-ms="264" status="PASS">
          <reporter-output>
          </reporter-output>
        </test-method> <!-- setUp -->
        <test-method signature="testPostUser()[pri:1, instance:api.test.UserTest@609e8838]" started-at="2024-10-06T00:38:45 IST" name="testPostUser" finished-at="2024-10-06T00:38:50 IST" duration-ms="4087" status="PASS">
          <reporter-output>
          </reporter-output>
        </test-method> <!-- testPostUser -->
        <test-method signature="testgetReqByUsername()[pri:2, instance:api.test.UserTest@609e8838]" started-at="2024-10-06T00:38:50 IST" name="testgetReqByUsername" finished-at="2024-10-06T00:38:51 IST" duration-ms="1670" status="PASS">
          <reporter-output>
          </reporter-output>
        </test-method> <!-- testgetReqByUsername -->
        <test-method signature="testputReqByUsername()[pri:3, instance:api.test.UserTest@609e8838]" started-at="2024-10-06T00:38:51 IST" name="testputReqByUsername" finished-at="2024-10-06T00:38:53 IST" duration-ms="1631" status="PASS">
          <reporter-output>
          </reporter-output>
        </test-method> <!-- testputReqByUsername -->
      </class> <!-- api.test.UserTest -->
    </test> <!-- Default test -->
  </suite> <!-- Default suite -->
</testng-results>
